{"_e":"root:init","_t":1783071508106,"format":"v0-jsonl","version":"57.0.3"}
{"_e":"env:mode","_t":1783071508127,"nodeEnv":"development","babelEnv":"development","mode":"development"}
{"_e":"env:load","_t":1783071508167,"mode":"development","files":[],"env":{}}
{"_e":"devserver:start","_t":1783071515557,"mode":"development","web":false,"baseUrl":"","asyncRoutes":false,"routerRoot":"../..\\..\\app","serverComponents":false,"serverActions":false,"serverRendering":false,"apiRoutes":false,"exporting":false}
{"_e":"metro:config","_t":1783071536648,"serverRoot":"../..\\..","projectRoot":"../..\\..","exporting":false,"flags":{"autolinkingModuleResolution":false,"serverActions":false,"serverComponents":false,"reactCompiler":false,"optimizeGraph":false,"treeshaking":false,"logbox":false}}
{"_e":"metro:instantiate","_t":1783071637860,"atlas":false,"workers":6,"host":"::","port":8081}
{"_e":"env:mode","_t":1783071646889,"nodeEnv":"development","babelEnv":"development","mode":"development"}
{"_e":"root:init","_t":1783072403492,"format":"v0-jsonl","version":"57.0.3"}
{"_e":"env:mode","_t":1783072403494,"nodeEnv":"development","babelEnv":"development","mode":"development"}
{"_e":"env:load","_t":1783072403498,"mode":"development","files":[],"env":{}}
{"_e":"devserver:start","_t":1783072403875,"mode":"development","web":false,"baseUrl":"","asyncRoutes":false,"routerRoot":"../..\\..\\app","serverComponents":false,"serverActions":false,"serverRendering":false,"apiRoutes":false,"exporting":false}
{"_e":"metro:config","_t":1783072404421,"serverRoot":"../..\\..","projectRoot":"../..\\..","exporting":false,"flags":{"autolinkingModuleResolution":false,"serverActions":false,"serverComponents":false,"reactCompiler":false,"optimizeGraph":false,"treeshaking":false,"logbox":false}}
{"_e":"metro:instantiate","_t":1783072410056,"atlas":false,"workers":6,"host":"::","port":8081}
{"_e":"env:mode","_t":1783072410143,"nodeEnv":"development","babelEnv":"development","mode":"development"}
{"_e":"root:init","_t":1783072779152,"format":"v0-jsonl","version":"57.0.3"}
{"_e":"env:mode","_t":1783072779153,"nodeEnv":"development","babelEnv":"development","mode":"development"}
{"_e":"env:load","_t":1783072779157,"mode":"development","files":[],"env":{}}
{"_e":"devserver:start","_t":1783072779480,"mode":"development","web":false,"baseUrl":"","asyncRoutes":false,"routerRoot":"../..\\..\\app","serverComponents":false,"serverActions":false,"serverRendering":false,"apiRoutes":false,"exporting":false}
{"_e":"metro:config","_t":1783072780005,"serverRoot":"../..\\..","projectRoot":"../..\\..","exporting":false,"flags":{"autolinkingModuleResolution":false,"serverActions":false,"serverComponents":false,"reactCompiler":false,"optimizeGraph":false,"treeshaking":false,"logbox":false}}
{"_e":"metro:instantiate","_t":1783072786574,"atlas":false,"workers":6,"host":"::","port":8081}
{"_e":"env:mode","_t":1783072786665,"nodeEnv":"development","babelEnv":"development","mode":"development"}
{"_e":"metro:bundling:started","_t":1783074499839,"id":"6","platform":null,"environment":null,"entry":"index.js"}
{"_e":"metro:bundling:progress","_t":1783074499888,"id":"6","progress":0,"total":1,"current":0}
{"_e":"metro:bundling:progress","_t":1783074499893,"id":"6","progress":0,"total":1,"current":0}
{"_e":"metro:bundling:progress","_t":1783074503870,"id":"6","progress":0.010000000000000002,"total":1,"current":1}
{"_e":"metro:bundling:progress","_t":1783074503977,"id":"6","progress":0.010000000000000002,"total":3,"current":1}
{"_e":"metro:bundling:progress","_t":1783074504186,"id":"6","progress":0.04000000000000001,"total":3,"current":2}
{"_e":"metro:bundling:progress","_t":1783074504292,"id":"6","progress":0.09,"total":9,"current":3}
{"_e":"metro:bundling:progress","_t":1783074504488,"id":"6","progress":0.16000000000000003,"total":9,"current":4}
{"_e":"metro:bundling:progress","_t":1783074505399,"id":"6","progress":0.25,"total":9,"current":5}
{"_e":"metro:bundling:progress","_t":1783074505500,"id":"6","progress":0.25,"total":16,"current":7}
{"_e":"metro:bundling:progress","_t":1783074505601,"id":"6","progress":0.25,"total":55,"current":16}
{"_e":"metro:bundling:progress","_t":1783074505701,"id":"6","progress":0.25,"total":70,"current":26}
{"_e":"metro:bundling:progress","_t":1783074505801,"id":"6","progress":0.25,"total":85,"current":41}
{"_e":"metro:bundling:progress","_t":1783074505902,"id":"6","progress":0.2908723646004292,"total":89,"current":48}
{"_e":"metro:bundling:progress","_t":1783074506002,"id":"6","progress":0.3756503642039542,"total":93,"current":57}
{"_e":"metro:bundling:progress","_t":1783074506103,"id":"6","progress":0.39889196675900274,"total":95,"current":60}
{"_e":"metro:bundling:progress","_t":1783074506212,"id":"6","progress":0.4404132231404959,"total":110,"current":73}
{"_e":"metro:bundling:progress","_t":1783074506312,"id":"6","progress":0.5781025886209958,"total":121,"current":92}
{"_e":"metro:bundling:progress","_t":1783074506416,"id":"6","progress":0.6036094674556213,"total":130,"current":101}
{"_e":"metro:bundling:progress","_t":1783074506529,"id":"6","progress":0.6262615806635267,"total":139,"current":110}
{"_e":"metro:bundling:progress","_t":1783074506629,"id":"6","progress":0.6829185956790123,"total":144,"current":119}
{"_e":"metro:bundling:progress","_t":1783074506735,"id":"6","progress":0.6829185956790123,"total":152,"current":124}
{"_e":"metro:bundling:progress","_t":1783074506837,"id":"6","progress":0.6829185956790123,"total":198,"current":135}
{"_e":"metro:bundling:progress","_t":1783074506938,"id":"6","progress":0.6829185956790123,"total":203,"current":142}
{"_e":"metro:bundling:progress","_t":1783074507038,"id":"6","progress":0.6829185956790123,"total":211,"current":148}
{"_e":"metro:bundling:progress","_t":1783074507145,"id":"6","progress":0.6829185956790123,"total":225,"current":157}
{"_e":"metro:bundling:progress","_t":1783074507244,"id":"6","progress":0.6829185956790123,"total":228,"current":174}
{"_e":"metro:bundling:progress","_t":1783074507359,"id":"6","progress":0.6829185956790123,"total":287,"current":194}
{"_e":"metro:bundling:progress","_t":1783074507464,"id":"6","progress":0.6829185956790123,"total":298,"current":215}
{"_e":"metro:bundling:progress","_t":1783074507564,"id":"6","progress":0.6829185956790123,"total":307,"current":224}
{"_e":"metro:bundling:progress","_t":1783074507664,"id":"6","progress":0.6829185956790123,"total":313,"current":233}
{"_e":"metro:bundling:progress","_t":1783074507771,"id":"6","progress":0.6829185956790123,"total":330,"current":248}
{"_e":"metro:bundling:progress","_t":1783074507875,"id":"6","progress":0.6829185956790123,"total":409,"current":251}
{"_e":"metro:bundling:progress","_t":1783074508002,"id":"6","progress":0.6829185956790123,"total":409,"current":252}
{"_e":"metro:bundling:progress","_t":1783074508109,"id":"6","progress":0.6829185956790123,"total":416,"current":267}
{"_e":"metro:bundling:progress","_t":1783074508210,"id":"6","progress":0.6829185956790123,"total":428,"current":280}
{"_e":"metro:bundling:progress","_t":1783074508309,"id":"6","progress":0.6829185956790123,"total":431,"current":286}
{"_e":"metro:bundling:progress","_t":1783074508951,"id":"6","progress":0.6829185956790123,"total":431,"current":287}
{"_e":"metro:bundling:progress","_t":1783074509065,"id":"6","progress":0.6829185956790123,"total":433,"current":289}
{"_e":"metro:bundling:progress","_t":1783074509364,"id":"6","progress":0.6829185956790123,"total":433,"current":290}
{"_e":"metro:bundling:progress","_t":1783074509477,"id":"6","progress":0.6829185956790123,"total":441,"current":299}
{"_e":"metro:bundling:progress","_t":1783074512495,"id":"6","progress":0.6829185956790123,"total":441,"current":300}
{"_e":"metro:bundling:progress","_t":1783074512600,"id":"6","progress":0.6829185956790123,"total":445,"current":305}
{"_e":"metro:bundling:progress","_t":1783074512892,"id":"6","progress":0.6829185956790123,"total":445,"current":306}
{"_e":"metro:bundling:progress","_t":1783074513001,"id":"6","progress":0.6829185956790123,"total":446,"current":306}
{"_e":"metro:bundling:progress","_t":1783074515422,"id":"6","progress":0.6829185956790123,"total":446,"current":307}
{"_e":"metro:bundling:progress","_t":1783074516569,"id":"6","progress":0.6829185956790123,"total":446,"current":308}
{"_e":"metro:bundling:progress","_t":1783074516675,"id":"6","progress":0.6829185956790123,"total":447,"current":308}
{"_e":"metro:bundling:progress","_t":1783074516869,"id":"6","progress":0.6829185956790123,"total":447,"current":309}
{"_e":"metro:bundling:progress","_t":1783074516979,"id":"6","progress":0.6829185956790123,"total":447,"current":311}
{"_e":"metro:bundling:progress","_t":1783074517059,"id":"6","progress":0.6829185956790123,"total":447,"current":312}
{"_e":"metro:bundling:progress","_t":1783074517161,"id":"6","progress":0.6829185956790123,"total":450,"current":327}
{"_e":"metro:bundling:progress","_t":1783074517265,"id":"6","progress":0.6829185956790123,"total":460,"current":340}
{"_e":"metro:bundling:progress","_t":1783074517365,"id":"6","progress":0.6829185956790123,"total":472,"current":347}
{"_e":"metro:bundling:progress","_t":1783074517466,"id":"6","progress":0.6829185956790123,"total":477,"current":350}
{"_e":"metro:bundling:progress","_t":1783074517568,"id":"6","progress":0.6829185956790123,"total":483,"current":361}
{"_e":"metro:bundling:progress","_t":1783074517668,"id":"6","progress":0.6829185956790123,"total":506,"current":383}
{"_e":"metro:bundling:progress","_t":1783074517774,"id":"6","progress":0.6829185956790123,"total":524,"current":411}
{"_e":"metro:bundling:progress","_t":1783074517877,"id":"6","progress":0.6829185956790123,"total":526,"current":414}
{"_e":"metro:bundling:progress","_t":1783074517978,"id":"6","progress":0.6829185956790123,"total":531,"current":427}
{"_e":"metro:bundling:progress","_t":1783074518100,"id":"6","progress":0.6829185956790123,"total":541,"current":446}
{"_e":"metro:bundling:progress","_t":1783074518321,"id":"6","progress":0.6829185956790123,"total":541,"current":447}
{"_e":"metro:bundling:progress","_t":1783074518960,"id":"6","progress":0.6857431811426092,"total":541,"current":448}
{"_e":"metro:bundling:progress","_t":1783074519075,"id":"6","progress":0.7024610527405414,"total":556,"current":466}
{"_e":"metro:bundling:progress","_t":1783074519173,"id":"6","progress":0.7054791418663631,"total":556,"current":467}
{"_e":"metro:bundling:progress","_t":1783074519273,"id":"6","progress":0.7484825528077758,"total":571,"current":494}
{"_e":"metro:bundling:progress","_t":1783074519377,"id":"6","progress":0.7484825528077758,"total":601,"current":504}
{"_e":"metro:bundling:progress","_t":1783074519477,"id":"6","progress":0.7484825528077758,"total":614,"current":521}
{"_e":"metro:bundling:progress","_t":1783074519578,"id":"6","progress":0.7484825528077758,"total":623,"current":536}
{"_e":"metro:bundling:progress","_t":1783074519705,"id":"6","progress":0.7484825528077758,"total":624,"current":538}
{"_e":"metro:bundling:progress","_t":1783074519731,"id":"6","progress":0.7484825528077758,"total":624,"current":539}
{"_e":"metro:bundling:progress","_t":1783074519855,"id":"6","progress":0.7488905325443788,"total":624,"current":540}
{"_e":"metro:bundling:progress","_t":1783074519963,"id":"6","progress":0.7516667693951349,"total":624,"current":541}
{"_e":"metro:bundling:progress","_t":1783074524967,"id":"6","progress":0.7544481426692966,"total":624,"current":542}
{"_e":"metro:bundling:progress","_t":1783074525062,"id":"6","progress":0.764582032701363,"total":629,"current":550}
{"_e":"metro:bundling:progress","_t":1783074525169,"id":"6","progress":0.7811562736433784,"total":637,"current":563}
{"_e":"metro:bundling:progress","_t":1783074525271,"id":"6","progress":0.8074746702816631,"total":641,"current":576}
{"_e":"metro:bundling:progress","_t":1783074525370,"id":"6","progress":0.8334014594303045,"total":643,"current":587}
{"_e":"metro:bundling:progress","_t":1783074525471,"id":"6","progress":0.8792624790975693,"total":658,"current":617}
{"_e":"metro:bundling:progress","_t":1783074525571,"id":"6","progress":0.8941959273829191,"total":662,"current":626}
{"_e":"metro:bundling:progress","_t":1783074525704,"id":"6","progress":0.8970550652148119,"total":662,"current":627}
{"_e":"metro:bundling:progress","_t":1783074525805,"id":"6","progress":0.8970550652148119,"total":671,"current":634}
{"_e":"metro:bundling:progress","_t":1783074526383,"id":"6","progress":0.8970550652148119,"total":671,"current":635}
{"_e":"metro:bundling:progress","_t":1783074526487,"id":"6","progress":0.9274031896642274,"total":676,"current":651}
{"_e":"metro:bundling:progress","_t":1783074526596,"id":"6","progress":0.9417885405462016,"total":677,"current":657}
{"_e":"metro:bundling:progress","_t":1783074526926,"id":"6","progress":0.9446576585814994,"total":677,"current":658}
{"_e":"metro:bundling:progress","_t":1783074527033,"id":"6","progress":0.9483589102217413,"total":688,"current":670}
{"_e":"metro:bundling:progress","_t":1783074527153,"id":"6","progress":0.9514012075873176,"total":691,"current":674}
{"_e":"metro:bundling:progress","_t":1783074527356,"id":"6","progress":0.9542264508954282,"total":691,"current":675}
{"_e":"metro:bundling:progress","_t":1783074527475,"id":"6","progress":0.9542264508954282,"total":693,"current":675}
{"_e":"metro:bundling:progress","_t":1783074527817,"id":"6","progress":0.9542264508954282,"total":693,"current":676}
{"_e":"metro:bundling:progress","_t":1783074528129,"id":"6","progress":0.954357010634067,"total":693,"current":677}
{"_e":"metro:bundling:progress","_t":1783074528235,"id":"6","progress":0.9600611249989618,"total":694,"current":680}
{"_e":"metro:bundling:progress","_t":1783074528363,"id":"6","progress":0.9628869104468936,"total":694,"current":681}
{"_e":"metro:bundling:progress","_t":1783074528475,"id":"6","progress":0.9772734693877551,"total":700,"current":692}
{"_e":"metro:bundling:progress","_t":1783074528691,"id":"6","progress":0.9801,"total":700,"current":693}
{"_e":"metro:bundling:progress","_t":1783074528791,"id":"6","progress":0.9914469387755102,"total":700,"current":697}
{"_e":"metro:bundling:progress","_t":1783074529337,"id":"6","progress":0.9942938775510204,"total":700,"current":698}
{"_e":"metro:bundling:failed","_t":1783074529394,"id":"6","message":"Unable to resolve \"../../src/private/devsupport/rndevtools/ReactDevToolsSettingsManager\" from \"node_modules\\react-native\\Libraries\\Core\\setUpReactDevTools.js\"\n  39 |   } = require('react-devtools-core');\n  40 |\n> 41 |   const reactDevToolsSettingsManager = require('../../src/private/devsupport/rndevtools/ReactDevToolsSettingsManager');\n     |                                                 ^\n  42 |   const serializedHookSettings =\n  43 |     reactDevToolsSettingsManager.getGlobalHookSettings();\n  44 |   const maybeReactDevToolsRuntimeSettingsModuleModule =","importStack":"\u001b[1mImport stack:\u001b[22m\n\u001b[90m\u001b[39m\n\u001b[90m\u001b[90m \u001b[39m\u001b[90mnode_modules\\react-native\\Libraries\\Core\\setUpReactDevTools.js\u001b[39m\n\u001b[90m\u001b[90m |\u001b[39m\u001b[90m \u001b[36mimport\u001b[39m\u001b[90m \u001b[32m\"../../src/private/devsupport/rndevtools/ReactDevToolsSettingsManager\"\u001b[39m\u001b[90m\u001b[39m\n\u001b[90m\u001b[39m\n\u001b[90m\u001b[90m \u001b[39m\u001b[90mnode_modules\\react-native\\src\\private\\setup\\setUpDefaultReactNativeEnvironment.js\u001b[39m\n\u001b[90m\u001b[90m |\u001b[39m\u001b[90m \u001b[36mimport\u001b[39m\u001b[90m \u001b[32m\"../../../Libraries/Core/setUpReactDevTools\"\u001b[39m\u001b[90m\u001b[39m\n\u001b[90m\u001b[39m\n\u001b[90m\u001b[90m \u001b[39m\u001b[90mnode_modules\\react-native\\Libraries\\Core\\InitializeCore.js\u001b[39m\n\u001b[90m\u001b[90m |\u001b[39m\u001b[90m \u001b[36mimport\u001b[39m\u001b[90m \u001b[32m\"../../src/private/setup/setUpDefaultReactNativeEnvironment\"\u001b[39m\u001b[90m\u001b[39m\n\u001b[90m\u001b[39m\n\u001b[90m\u001b[90m \u001b[39m\u001b[90mnode_modules\\expo\\src\\winter\\runtime.native.ts\u001b[39m\n\u001b[90m\u001b[90m |\u001b[39m\u001b[90m \u001b[36mimport\u001b[39m\u001b[90m \u001b[32m\"react-native/Libraries/Core/InitializeCore\"\u001b[39m\u001b[90m\u001b[39m\n\u001b[90m\u001b[39m\n\u001b[90m\u001b[90m \u001b[39m\u001b[90mnode_modules\\expo\\src\\winter\\index.ts\u001b[39m\n\u001b[90m\u001b[90m |\u001b[39m\u001b[90m \u001b[36mimport\u001b[39m\u001b[90m \u001b[32m\"./runtime\"\u001b[39m\u001b[90m\u001b[39m\n\u001b[90m\u001b[39m\n\u001b[90m\u001b[90m \u001b[39m\u001b[90mnode_modules\\expo\\src\\Expo.fx.tsx\u001b[39m\n\u001b[90m\u001b[90m |\u001b[39m\u001b[90m \u001b[36mimport\u001b[39m\u001b[90m \u001b[32m\"./winter\"\u001b[39m\u001b[90m\u001b[39m\n\u001b[90m\u001b[39m\n\u001b[90m\u001b[90m \u001b[39m\u001b[90mnode_modules\\expo\\src\\Expo.ts\u001b[39m\n\u001b[90m\u001b[90m |\u001b[39m\u001b[90m \u001b[36mimport\u001b[39m\u001b[90m \u001b[32m\"./Expo.fx\"\u001b[39m\u001b[90m\u001b[39m\n\n\u001b[90m \u001b[39mindex.js\n\u001b[90m |\u001b[39m \u001b[36mimport\u001b[39m \u001b[32m\"expo\"\u001b[39m\n\n\u001b[90m \u001b[39m\n\u001b[90m |\u001b[39m \u001b[36mimport\u001b[39m \u001b[32m\"./index\"\u001b[39m\n","filename":null,"targetModuleName":"../../src/private/devsupport/rndevtools/ReactDevToolsSettingsManager","originModulePath":"node_modules\\react-native\\Libraries\\Core\\setUpReactDevTools.js"}
{"_e":"root:init","_t":1783074730651,"format":"v0-jsonl","version":"57.0.3"}
{"_e":"env:mode","_t":1783074730652,"nodeEnv":"development","babelEnv":"development","mode":"development"}
{"_e":"env:load","_t":1783074730656,"mode":"development","files":[],"env":{}}
{"_e":"devserver:start","_t":1783074730981,"mode":"development","web":false,"baseUrl":"","asyncRoutes":false,"routerRoot":"../..\\..\\app","serverComponents":false,"serverActions":false,"serverRendering":false,"apiRoutes":false,"exporting":false}
{"_e":"metro:config","_t":1783074731501,"serverRoot":"../..\\..","projectRoot":"../..\\..","exporting":false,"flags":{"autolinkingModuleResolution":false,"serverActions":false,"serverComponents":false,"reactCompiler":false,"optimizeGraph":false,"treeshaking":false,"logbox":false}}
{"_e":"metro:instantiate","_t":1783074737309,"atlas":false,"workers":6,"host":"::","port":8081}
{"_e":"env:mode","_t":1783074739009,"nodeEnv":"development","babelEnv":"development","mode":"development"}
{"_e":"metro:bundling:started","_t":1783074750752,"id":"1","platform":null,"environment":null,"entry":"index.js"}
{"_e":"metro:bundling:progress","_t":1783074750753,"id":"1","progress":0,"total":1,"current":0}
{"_e":"metro:bundling:progress","_t":1783074750758,"id":"1","progress":0,"total":1,"current":0}
{"_e":"metro:bundling:progress","_t":1783074751749,"id":"1","progress":0.010000000000000002,"total":1,"current":1}
{"_e":"metro:bundling:progress","_t":1783074751857,"id":"1","progress":0.010000000000000002,"total":3,"current":1}
{"_e":"metro:bundling:progress","_t":1783074751865,"id":"1","progress":0.04000000000000001,"total":3,"current":2}
{"_e":"metro:bundling:progress","_t":1783074751969,"id":"1","progress":0.05536332179930796,"total":17,"current":4}
{"_e":"metro:bundling:progress","_t":1783074752073,"id":"1","progress":0.05536332179930796,"total":44,"current":8}
{"_e":"metro:bundling:progress","_t":1783074752276,"id":"1","progress":0.05536332179930796,"total":44,"current":9}
{"_e":"metro:bundling:progress","_t":1783074752389,"id":"1","progress":0.05536332179930796,"total":144,"current":10}
{"_e":"metro:bundling:progress","_t":1783074752500,"id":"1","progress":0.05536332179930796,"total":150,"current":18}
{"_e":"metro:bundling:progress","_t":1783074752599,"id":"1","progress":0.05536332179930796,"total":156,"current":20}
{"_e":"metro:bundling:progress","_t":1783074752709,"id":"1","progress":0.05536332179930796,"total":160,"current":26}
{"_e":"metro:bundling:progress","_t":1783074752811,"id":"1","progress":0.05536332179930796,"total":163,"current":31}
{"_e":"metro:bundling:progress","_t":1783074752918,"id":"1","progress":0.05536332179930796,"total":178,"current":38}
{"_e":"metro:bundling:progress","_t":1783074753024,"id":"1","progress":0.05536332179930796,"total":179,"current":39}
{"_e":"metro:bundling:progress","_t":1783074753139,"id":"1","progress":0.05536332179930796,"total":185,"current":42}
{"_e":"metro:bundling:progress","_t":1783074753253,"id":"1","progress":0.06051073808230147,"total":187,"current":46}
{"_e":"metro:bundling:progress","_t":1783074753364,"id":"1","progress":0.0625,"total":188,"current":47}
{"_e":"metro:bundling:progress","_t":1783074753391,"id":"1","progress":0.06518786781349026,"total":188,"current":48}
{"_e":"metro:bundling:progress","_t":1783074753492,"id":"1","progress":0.06518786781349026,"total":196,"current":50}
{"_e":"metro:bundling:progress","_t":1783074753598,"id":"1","progress":0.07165085195388225,"total":198,"current":53}
{"_e":"metro:bundling:progress","_t":1783074753698,"id":"1","progress":0.0741348887363984,"total":202,"current":55}
{"_e":"metro:bundling:progress","_t":1783074753808,"id":"1","progress":0.0828316478286734,"total":205,"current":59}
{"_e":"metro:bundling:progress","_t":1783074753912,"id":"1","progress":0.09058346686775379,"total":206,"current":62}
{"_e":"metro:bundling:progress","_t":1783074754037,"id":"1","progress":0.09860206772620131,"total":207,"current":65}
{"_e":"metro:bundling:progress","_t":1783074754146,"id":"1","progress":0.09860206772620131,"total":223,"current":69}
{"_e":"metro:bundling:progress","_t":1783074754249,"id":"1","progress":0.10331632653061226,"total":224,"current":72}
{"_e":"metro:bundling:progress","_t":1783074754360,"id":"1","progress":0.11405432440751,"total":228,"current":77}
{"_e":"metro:bundling:progress","_t":1783074754460,"id":"1","progress":0.1378696433976037,"total":237,"current":88}
{"_e":"metro:bundling:progress","_t":1783074754560,"id":"1","progress":0.16443982887965777,"total":254,"current":103}
{"_e":"metro:bundling:progress","_t":1783074754668,"id":"1","progress":0.18690994403301486,"total":266,"current":115}
{"_e":"metro:bundling:progress","_t":1783074754768,"id":"1","progress":0.22205113606956162,"total":278,"current":131}
{"_e":"metro:bundling:progress","_t":1783074754870,"id":"1","progress":0.2837118125671638,"total":291,"current":155}
{"_e":"metro:bundling:progress","_t":1783074754970,"id":"1","progress":0.31433485622144586,"total":305,"current":171}
{"_e":"metro:bundling:progress","_t":1783074755072,"id":"1","progress":0.3488378906249999,"total":320,"current":189}
{"_e":"metro:bundling:progress","_t":1783074755173,"id":"1","progress":0.38462080321214415,"total":337,"current":209}
{"_e":"metro:bundling:progress","_t":1783074755273,"id":"1","progress":0.4226895256228272,"total":343,"current":223}
{"_e":"metro:bundling:progress","_t":1783074755374,"id":"1","progress":0.4226895256228272,"total":372,"current":235}
{"_e":"metro:bundling:progress","_t":1783074755475,"id":"1","progress":0.4226895256228272,"total":402,"current":258}
{"_e":"metro:bundling:progress","_t":1783074755576,"id":"1","progress":0.4307619573823343,"total":419,"current":275}
{"_e":"metro:bundling:progress","_t":1783074755677,"id":"1","progress":0.4382930384087792,"total":432,"current":286}
{"_e":"metro:bundling:progress","_t":1783074755791,"id":"1","progress":0.4444444444444444,"total":456,"current":304}
{"_e":"metro:bundling:progress","_t":1783074755891,"id":"1","progress":0.44826760485549555,"total":466,"current":312}
{"_e":"metro:bundling:progress","_t":1783074755992,"id":"1","progress":0.4597360441169116,"total":469,"current":318}
{"_e":"metro:bundling:progress","_t":1783074756093,"id":"1","progress":0.4659053735300701,"total":482,"current":329}
{"_e":"metro:bundling:progress","_t":1783074756193,"id":"1","progress":0.48942403766363535,"total":486,"current":340}
{"_e":"metro:bundling:progress","_t":1783074756293,"id":"1","progress":0.5081279735856413,"total":491,"current":350}
{"_e":"metro:bundling:progress","_t":1783074756401,"id":"1","progress":0.5302675592164543,"total":493,"current":359}
{"_e":"metro:bundling:progress","_t":1783074756501,"id":"1","progress":0.5700553216883598,"total":498,"current":376}
{"_e":"metro:bundling:progress","_t":1783074756601,"id":"1","progress":0.5880732548512962,"total":519,"current":398}
{"_e":"metro:bundling:progress","_t":1783074756701,"id":"1","progress":0.6229503383684913,"total":522,"current":412}
{"_e":"metro:bundling:progress","_t":1783074756804,"id":"1","progress":0.6632374885215795,"total":528,"current":430}
{"_e":"metro:bundling:progress","_t":1783074756911,"id":"1","progress":0.6632374885215795,"total":570,"current":456}
{"_e":"metro:bundling:progress","_t":1783074757014,"id":"1","progress":0.6632374885215795,"total":584,"current":471}
{"_e":"metro:bundling:progress","_t":1783074757122,"id":"1","progress":0.6795105916727538,"total":592,"current":488}
{"_e":"metro:bundling:progress","_t":1783074757228,"id":"1","progress":0.7140249999999999,"total":600,"current":507}
{"_e":"metro:bundling:progress","_t":1783074757333,"id":"1","progress":0.7403345008237142,"total":609,"current":524}
{"_e":"metro:bundling:progress","_t":1783074757434,"id":"1","progress":0.7438364700830532,"total":618,"current":533}
{"_e":"metro:bundling:progress","_t":1783074757534,"id":"1","progress":0.7673872850656439,"total":621,"current":544}
{"_e":"metro:bundling:progress","_t":1783074757636,"id":"1","progress":0.7793800514777303,"total":623,"current":550}
{"_e":"metro:bundling:progress","_t":1783074757737,"id":"1","progress":0.7793800514777303,"total":631,"current":555}
{"_e":"metro:bundling:progress","_t":1783074757838,"id":"1","progress":0.7814781694362279,"total":638,"current":564}
{"_e":"metro:bundling:progress","_t":1783074757943,"id":"1","progress":0.7999691369931716,"total":644,"current":576}
{"_e":"metro:bundling:progress","_t":1783074758043,"id":"1","progress":0.8200620153552703,"total":646,"current":585}
{"_e":"metro:bundling:progress","_t":1783074758143,"id":"1","progress":0.8201687018850965,"total":657,"current":595}
{"_e":"metro:bundling:progress","_t":1783074758253,"id":"1","progress":0.837266654539342,"total":659,"current":603}
{"_e":"metro:bundling:progress","_t":1783074758357,"id":"1","progress":0.8444119795471148,"total":666,"current":612}
{"_e":"metro:bundling:progress","_t":1783074758462,"id":"1","progress":0.8598847396736785,"total":674,"current":625}
{"_e":"metro:bundling:progress","_t":1783074758573,"id":"1","progress":0.8777020922414778,"total":681,"current":638}
{"_e":"metro:bundling:progress","_t":1783074758674,"id":"1","progress":0.9061041742811244,"total":686,"current":653}
{"_e":"metro:bundling:progress","_t":1783074758843,"id":"1","progress":0.9207123525677436,"total":692,"current":664}
{"_e":"metro:bundling:progress","_t":1783074758944,"id":"1","progress":0.951882578960764,"total":698,"current":681}
{"_e":"metro:bundling:progress","_t":1783074759051,"id":"1","progress":0.9800716740244084,"total":699,"current":692}
{"_e":"metro:bundling:progress","_t":1783074759419,"id":"1","progress":0.9829062977767136,"total":699,"current":693}
{"_e":"metro:bundling:progress","_t":1783074762389,"id":"1","progress":0.9857450148485165,"total":699,"current":694}
{"_e":"metro:bundling:failed","_t":1783074762434,"id":"1","message":"Unable to resolve \"../../src/private/devsupport/rndevtools/ReactDevToolsSettingsManager\" from \"node_modules\\react-native\\Libraries\\Core\\setUpReactDevTools.js\"\n  39 |   } = require('react-devtools-core');\n  40 |\n> 41 |   const reactDevToolsSettingsManager = require('../../src/private/devsupport/rndevtools/ReactDevToolsSettingsManager');\n     |                                                 ^\n  42 |   const serializedHookSettings =\n  43 |     reactDevToolsSettingsManager.getGlobalHookSettings();\n  44 |   const maybeReactDevToolsRuntimeSettingsModuleModule =","importStack":"\u001b[1mImport stack:\u001b[22m\n\u001b[90m\u001b[39m\n\u001b[90m\u001b[90m \u001b[39m\u001b[90mnode_modules\\react-native\\Libraries\\Core\\setUpReactDevTools.js\u001b[39m\n\u001b[90m\u001b[90m |\u001b[39m\u001b[90m \u001b[36mimport\u001b[39m\u001b[90m \u001b[32m\"../../src/private/devsupport/rndevtools/ReactDevToolsSettingsManager\"\u001b[39m\u001b[90m\u001b[39m\n\u001b[90m\u001b[39m\n\u001b[90m\u001b[90m \u001b[39m\u001b[90mnode_modules\\react-native\\src\\private\\setup\\setUpDefaultReactNativeEnvironment.js\u001b[39m\n\u001b[90m\u001b[90m |\u001b[39m\u001b[90m \u001b[36mimport\u001b[39m\u001b[90m \u001b[32m\"../../../Libraries/Core/setUpReactDevTools\"\u001b[39m\u001b[90m\u001b[39m\n\u001b[90m\u001b[39m\n\u001b[90m\u001b[90m \u001b[39m\u001b[90mnode_modules\\react-native\\Libraries\\Core\\InitializeCore.js\u001b[39m\n\u001b[90m\u001b[90m |\u001b[39m\u001b[90m \u001b[36mimport\u001b[39m\u001b[90m \u001b[32m\"../../src/private/setup/setUpDefaultReactNativeEnvironment\"\u001b[39m\u001b[90m\u001b[39m\n\u001b[90m\u001b[39m\n\u001b[90m\u001b[90m \u001b[39m\u001b[90mnode_modules\\expo\\src\\winter\\runtime.native.ts\u001b[39m\n\u001b[90m\u001b[90m |\u001b[39m\u001b[90m \u001b[36mimport\u001b[39m\u001b[90m \u001b[32m\"react-native/Libraries/Core/InitializeCore\"\u001b[39m\u001b[90m\u001b[39m\n\u001b[90m\u001b[39m\n\u001b[90m\u001b[90m \u001b[39m\u001b[90mnode_modules\\expo\\src\\winter\\index.ts\u001b[39m\n\u001b[90m\u001b[90m |\u001b[39m\u001b[90m \u001b[36mimport\u001b[39m\u001b[90m \u001b[32m\"./runtime\"\u001b[39m\u001b[90m\u001b[39m\n\u001b[90m\u001b[39m\n\u001b[90m\u001b[90m \u001b[39m\u001b[90mnode_modules\\expo\\src\\Expo.fx.tsx\u001b[39m\n\u001b[90m\u001b[90m |\u001b[39m\u001b[90m \u001b[36mimport\u001b[39m\u001b[90m \u001b[32m\"./winter\"\u001b[39m\u001b[90m\u001b[39m\n\u001b[90m\u001b[39m\n\u001b[90m\u001b[90m \u001b[39m\u001b[90mnode_modules\\expo\\src\\Expo.ts\u001b[39m\n\u001b[90m\u001b[90m |\u001b[39m\u001b[90m \u001b[36mimport\u001b[39m\u001b[90m \u001b[32m\"./Expo.fx\"\u001b[39m\u001b[90m\u001b[39m\n\n\u001b[90m \u001b[39mindex.js\n\u001b[90m |\u001b[39m \u001b[36mimport\u001b[39m \u001b[32m\"expo\"\u001b[39m\n\n\u001b[90m \u001b[39m\n\u001b[90m |\u001b[39m \u001b[36mimport\u001b[39m \u001b[32m\"./index\"\u001b[39m\n","filename":null,"targetModuleName":"../../src/private/devsupport/rndevtools/ReactDevToolsSettingsManager","originModulePath":"node_modules\\react-native\\Libraries\\Core\\setUpReactDevTools.js"}
{"_e":"root:init","_t":1783074988327,"format":"v0-jsonl","version":"57.0.3"}
{"_e":"env:mode","_t":1783074988328,"nodeEnv":"development","babelEnv":"development","mode":"development"}
{"_e":"env:load","_t":1783074988332,"mode":"development","files":[],"env":{}}
{"_e":"devserver:start","_t":1783074988656,"mode":"development","web":false,"baseUrl":"","asyncRoutes":false,"routerRoot":"../..\\..\\app","serverComponents":false,"serverActions":false,"serverRendering":false,"apiRoutes":false,"exporting":false}
{"_e":"metro:config","_t":1783074989166,"serverRoot":"../..\\..","projectRoot":"../..\\..","exporting":false,"flags":{"autolinkingModuleResolution":false,"serverActions":false,"serverComponents":false,"reactCompiler":false,"optimizeGraph":false,"treeshaking":false,"logbox":false}}
{"_e":"metro:instantiate","_t":1783074994936,"atlas":false,"workers":6,"host":"::","port":8081}
{"_e":"env:mode","_t":1783074995008,"nodeEnv":"development","babelEnv":"development","mode":"development"}
